mode: set
globe-expedition-journal/internal/api/router.go:11.30,16.2 3 1
globe-expedition-journal/internal/api/router.go:16.2,18.3 1 1
globe-expedition-journal/internal/api/router.go:20.2,20.15 1 1
globe-expedition-journal/internal/api/router.go:24.47,29.2 3 0
globe-expedition-journal/internal/api/router.go:29.2,31.3 1 0
globe-expedition-journal/internal/api/router.go:34.2,36.2 3 0
globe-expedition-journal/internal/api/router.go:36.2,39.3 2 0
globe-expedition-journal/internal/api/router.go:41.2,41.15 1 0
globe-expedition-journal/internal/api/router.go:50.34,52.2 1 1
globe-expedition-journal/internal/config/config.go:32.21,54.2 1 1
globe-expedition-journal/internal/config/config.go:57.46,58.48 1 1
globe-expedition-journal/internal/config/config.go:58.48,60.3 1 1
globe-expedition-journal/internal/config/config.go:61.2,61.21 1 1
globe-expedition-journal/internal/config/config.go:65.50,66.48 1 1
globe-expedition-journal/internal/config/config.go:66.48,67.55 1 1
globe-expedition-journal/internal/config/config.go:67.55,69.4 1 1
globe-expedition-journal/internal/config/config.go:71.2,71.21 1 1
globe-expedition-journal/internal/config/config.go:75.39,77.2 1 1
globe-expedition-journal/internal/config/config.go:80.38,82.2 1 1
globe-expedition-journal/internal/config/config.go:85.35,87.22 1 1
globe-expedition-journal/internal/config/config.go:87.22,88.26 1 1
globe-expedition-journal/internal/config/config.go:88.26,90.4 1 1
globe-expedition-journal/internal/config/config.go:91.3,91.51 1 1
globe-expedition-journal/internal/config/config.go:91.51,93.4 1 1
globe-expedition-journal/internal/config/config.go:95.2,95.12 1 1
globe-expedition-journal/internal/lti/handler.go:32.39,38.2 1 1
globe-expedition-journal/internal/lti/handler.go:41.68,50.2 1 1
globe-expedition-journal/internal/lti/handler.go:54.51,63.15 6 1
globe-expedition-journal/internal/lti/handler.go:63.15,66.3 2 1
globe-expedition-journal/internal/lti/handler.go:67.2,67.21 1 1
globe-expedition-journal/internal/lti/handler.go:67.21,70.3 2 1
globe-expedition-journal/internal/lti/handler.go:71.2,71.25 1 1
globe-expedition-journal/internal/lti/handler.go:71.25,74.3 2 1
globe-expedition-journal/internal/lti/handler.go:77.2,78.16 2 1
globe-expedition-journal/internal/lti/handler.go:78.16,81.3 2 1
globe-expedition-journal/internal/lti/handler.go:84.2,84.53 1 1
globe-expedition-journal/internal/lti/handler.go:84.53,87.3 2 1
globe-expedition-journal/internal/lti/handler.go:90.2,91.16 2 1
globe-expedition-journal/internal/lti/handler.go:91.16,94.3 2 0
globe-expedition-journal/internal/lti/handler.go:96.2,97.16 2 1
globe-expedition-journal/internal/lti/handler.go:97.16,100.3 2 0
globe-expedition-journal/internal/lti/handler.go:103.2,111.16 3 1
globe-expedition-journal/internal/lti/handler.go:111.16,114.3 2 0
globe-expedition-journal/internal/lti/handler.go:117.2,129.26 12 1
globe-expedition-journal/internal/lti/handler.go:129.26,131.3 1 0
globe-expedition-journal/internal/lti/handler.go:132.2,135.48 2 1
globe-expedition-journal/internal/lti/handler.go:140.42,145.19 3 0
globe-expedition-journal/internal/lti/handler.go:145.19,148.3 2 0
globe-expedition-journal/internal/lti/handler.go:149.2,149.17 1 0
globe-expedition-journal/internal/lti/handler.go:149.17,152.3 2 0
globe-expedition-journal/internal/lti/handler.go:155.2,156.9 2 0
globe-expedition-journal/internal/lti/handler.go:156.9,159.3 2 0
globe-expedition-journal/internal/lti/handler.go:162.2,163.16 2 0
globe-expedition-journal/internal/lti/handler.go:163.16,166.3 2 0
globe-expedition-journal/internal/lti/handler.go:169.2,170.16 2 0
globe-expedition-journal/internal/lti/handler.go:170.16,173.3 2 0
globe-expedition-journal/internal/lti/handler.go:176.2,177.16 2 0
globe-expedition-journal/internal/lti/handler.go:177.16,180.3 2 0
globe-expedition-journal/internal/lti/handler.go:183.2,184.27 2 0
globe-expedition-journal/internal/lti/handler.go:184.27,186.3 1 0
globe-expedition-journal/internal/lti/handler.go:189.2,195.16 2 0
globe-expedition-journal/internal/lti/handler.go:195.16,198.3 2 0
globe-expedition-journal/internal/lti/handler.go:201.2,213.35 3 0
globe-expedition-journal/internal/lti/handler.go:213.35,215.3 1 0
globe-expedition-journal/internal/lti/handler.go:216.2,216.43 1 0
globe-expedition-journal/internal/lti/handler.go:220.97,227.35 3 0
globe-expedition-journal/internal/lti/handler.go:227.35,235.50 2 0
globe-expedition-journal/internal/lti/handler.go:235.50,237.4 1 0
globe-expedition-journal/internal/lti/handler.go:238.3,238.20 1 0
globe-expedition-journal/internal/lti/handler.go:241.2,241.16 1 0
globe-expedition-journal/internal/lti/handler.go:241.16,243.3 1 0
globe-expedition-journal/internal/lti/handler.go:246.2,247.58 2 0
globe-expedition-journal/internal/lti/handler.go:247.58,250.3 2 0
globe-expedition-journal/internal/lti/handler.go:251.2,251.54 1 0
globe-expedition-journal/internal/lti/handler.go:251.54,254.3 2 0
globe-expedition-journal/internal/lti/handler.go:255.2,255.13 1 0
globe-expedition-journal/internal/lti/handler.go:255.13,257.3 1 0
globe-expedition-journal/internal/lti/handler.go:259.2,259.19 1 0
globe-expedition-journal/internal/lti/handler.go:263.47,265.2 1 1
globe-expedition-journal/internal/lti/handler.go:268.57,270.2 1 1
globe-expedition-journal/internal/lti/handler.go:273.55,275.2 1 0
globe-expedition-journal/internal/lti/handler.go:278.43,280.18 2 1
globe-expedition-journal/internal/lti/handler.go:280.18,282.3 1 1
globe-expedition-journal/internal/lti/handler.go:284.2,284.61 1 1
globe-expedition-journal/internal/lti/handler.go:284.61,286.3 1 0
globe-expedition-journal/internal/lti/handler.go:287.2,288.64 2 1
globe-expedition-journal/internal/lti/handler.go:288.64,290.3 1 0
globe-expedition-journal/internal/lti/handler.go:291.2,291.56 1 1
globe-expedition-journal/internal/lti/jwt.go:40.43,41.22 1 0
globe-expedition-journal/internal/lti/jwt.go:41.22,43.3 1 0
globe-expedition-journal/internal/lti/jwt.go:44.2,44.44 1 0
globe-expedition-journal/internal/lti/jwt.go:44.44,46.3 1 0
globe-expedition-journal/internal/lti/jwt.go:47.2,47.11 1 0
globe-expedition-journal/internal/lti/jwt.go:51.46,52.22 1 0
globe-expedition-journal/internal/lti/jwt.go:52.22,54.3 1 0
globe-expedition-journal/internal/lti/jwt.go:55.2,55.50 1 0
globe-expedition-journal/internal/lti/jwt.go:55.50,57.3 1 0
globe-expedition-journal/internal/lti/jwt.go:58.2,58.11 1 0
globe-expedition-journal/internal/lti/jwt.go:62.47,63.28 1 0
globe-expedition-journal/internal/lti/jwt.go:63.28,64.16 1 0
globe-expedition-journal/internal/lti/jwt.go:64.16,66.4 1 0
globe-expedition-journal/internal/lti/jwt.go:68.2,68.14 1 0
globe-expedition-journal/internal/lti/jwt.go:72.41,77.39 2 0
globe-expedition-journal/internal/lti/jwt.go:77.39,78.22 1 0
globe-expedition-journal/internal/lti/jwt.go:78.22,80.4 1 0
globe-expedition-journal/internal/lti/jwt.go:82.2,82.14 1 0
globe-expedition-journal/internal/lti/jwt.go:86.38,91.36 2 0
globe-expedition-journal/internal/lti/jwt.go:91.36,92.22 1 0
globe-expedition-journal/internal/lti/jwt.go:92.22,94.4 1 0
globe-expedition-journal/internal/lti/jwt.go:96.2,96.14 1 0
globe-expedition-journal/internal/lti/jwt.go:105.38,109.2 1 1
globe-expedition-journal/internal/lti/jwt.go:112.120,115.16 2 0
globe-expedition-journal/internal/lti/jwt.go:115.16,117.3 1 0
globe-expedition-journal/internal/lti/jwt.go:120.2,124.16 2 0
globe-expedition-journal/internal/lti/jwt.go:124.16,126.3 1 0
globe-expedition-journal/internal/lti/jwt.go:128.2,129.25 2 0
globe-expedition-journal/internal/lti/jwt.go:129.25,131.3 1 0
globe-expedition-journal/internal/lti/jwt.go:134.2,134.35 1 0
globe-expedition-journal/internal/lti/jwt.go:134.35,136.3 1 0
globe-expedition-journal/internal/lti/jwt.go:139.2,139.101 1 0
globe-expedition-journal/internal/lti/jwt.go:139.101,141.3 1 0
globe-expedition-journal/internal/lti/jwt.go:143.2,143.20 1 0
globe-expedition-journal/internal/lti/jwt.go:147.76,148.40 1 0
globe-expedition-journal/internal/lti/jwt.go:148.40,150.3 1 0
globe-expedition-journal/internal/lti/jwt.go:152.2,156.16 4 0
globe-expedition-journal/internal/lti/jwt.go:156.16,158.3 1 0
globe-expedition-journal/internal/lti/jwt.go:160.2,161.16 2 0
globe-expedition-journal/internal/lti/platform.go:25.36,27.2 1 1
globe-expedition-journal/internal/lti/platform.go:35.61,37.2 1 1
globe-expedition-journal/internal/lti/platform.go:40.63,42.2 1 1
globe-expedition-journal/internal/lti/platform.go:45.77,48.16 3 1
globe-expedition-journal/internal/lti/platform.go:48.16,50.3 1 1
globe-expedition-journal/internal/lti/platform.go:51.2,51.23 1 1
globe-expedition-journal/internal/lti/platform.go:55.67,58.16 3 1
globe-expedition-journal/internal/lti/platform.go:58.16,60.3 1 1
globe-expedition-journal/internal/lti/platform.go:61.2,61.23 1 1
globe-expedition-journal/internal/lti/platform.go:65.81,68.16 3 1
globe-expedition-journal/internal/lti/platform.go:68.16,70.3 1 0
globe-expedition-journal/internal/lti/platform.go:71.2,71.23 1 1
globe-expedition-journal/internal/lti/platform.go:75.63,77.2 1 1
globe-expedition-journal/internal/lti/platform.go:80.52,82.2 1 1
globe-expedition-journal/internal/lti/platform.go:85.57,89.2 3 1
globe-expedition-journal/internal/lti/platform.go:92.63,94.16 2 1
globe-expedition-journal/internal/lti/platform.go:94.16,99.3 3 1
globe-expedition-journal/internal/lti/platform.go:101.2,101.27 1 1
globe-expedition-journal/internal/lti/session.go:27.74,32.2 1 1
globe-expedition-journal/internal/lti/session.go:35.114,51.2 4 0
globe-expedition-journal/internal/lti/session.go:54.84,55.111 1 0
globe-expedition-journal/internal/lti/session.go:55.111,56.58 1 0
globe-expedition-journal/internal/lti/session.go:56.58,58.4 1 0
globe-expedition-journal/internal/lti/session.go:59.3,59.23 1 0
globe-expedition-journal/internal/lti/session.go:62.2,62.16 1 0
globe-expedition-journal/internal/lti/session.go:62.16,64.3 1 0
globe-expedition-journal/internal/lti/session.go:66.2,67.25 2 0
globe-expedition-journal/internal/lti/session.go:67.25,69.3 1 0
globe-expedition-journal/internal/lti/session.go:71.2,71.20 1 0
globe-expedition-journal/internal/lti/state.go:25.34,32.2 3 1
globe-expedition-journal/internal/lti/state.go:35.38,37.40 2 1
globe-expedition-journal/internal/lti/state.go:37.40,39.3 1 0
globe-expedition-journal/internal/lti/state.go:40.2,40.50 1 1
globe-expedition-journal/internal/lti/state.go:44.38,46.40 2 1
globe-expedition-journal/internal/lti/state.go:46.40,48.3 1 0
globe-expedition-journal/internal/lti/state.go:49.2,49.50 1 1
globe-expedition-journal/internal/lti/state.go:53.59,58.2 4 1
globe-expedition-journal/internal/lti/state.go:61.59,65.8 4 1
globe-expedition-journal/internal/lti/state.go:65.8,67.3 1 1
globe-expedition-journal/internal/lti/state.go:68.2,68.17 1 1
globe-expedition-journal/internal/lti/state.go:72.60,77.2 4 1
globe-expedition-journal/internal/lti/state.go:80.32,82.21 2 1
globe-expedition-journal/internal/lti/state.go:82.21,85.37 3 0
globe-expedition-journal/internal/lti/state.go:85.37,86.48 1 0
globe-expedition-journal/internal/lti/state.go:86.48,88.5 1 0
globe-expedition-journal/internal/lti/state.go:90.3,90.16 1 0
globe-expedition-journal/internal/database/database.go:19.52,22.22 2 1
globe-expedition-journal/internal/database/database.go:23.16,24.43 1 1
globe-expedition-journal/internal/database/database.go:25.18,26.45 1 0
globe-expedition-journal/internal/database/database.go:27.10,28.74 1 1
globe-expedition-journal/internal/database/database.go:32.2,37.16 3 1
globe-expedition-journal/internal/database/database.go:37.16,39.3 1 0
globe-expedition-journal/internal/database/database.go:42.2,42.24 1 1
globe-expedition-journal/internal/database/database.go:42.24,44.17 2 0
globe-expedition-journal/internal/database/database.go:44.17,46.4 1 0
globe-expedition-journal/internal/database/database.go:49.3,51.38 3 0
globe-expedition-journal/internal/database/database.go:54.2,55.16 2 1
globe-expedition-journal/internal/database/database.go:59.53,60.25 1 1
globe-expedition-journal/internal/database/database.go:60.25,62.3 1 1
globe-expedition-journal/internal/database/database.go:63.2,63.45 1 0
globe-expedition-journal/internal/database/database.go:67.20,68.15 1 1
globe-expedition-journal/internal/database/database.go:68.15,70.3 1 1
globe-expedition-journal/internal/database/database.go:72.2,73.16 2 1
globe-expedition-journal/internal/database/database.go:73.16,75.3 1 0
globe-expedition-journal/internal/database/database.go:77.2,77.22 1 1
globe-expedition-journal/internal/database/database.go:81.43,82.15 1 1
globe-expedition-journal/internal/database/database.go:82.15,84.3 1 1
globe-expedition-journal/internal/database/database.go:86.2,86.34 1 1
globe-expedition-journal/internal/database/database.go:90.23,92.2 1 1
globe-expedition-journal/internal/models/country.go:15.35,17.2 1 1
globe-expedition-journal/internal/models/models.go:4.32,10.2 1 1
globe-expedition-journal/internal/models/user.go:25.32,27.2 1 1
globe-expedition-journal/internal/models/user.go:30.48,32.26 2 1
globe-expedition-journal/internal/models/user.go:32.26,34.3 1 1
globe-expedition-journal/internal/models/user.go:35.2,35.26 1 1
globe-expedition-journal/internal/models/user.go:35.26,37.3 1 1
globe-expedition-journal/internal/models/user.go:38.2,38.12 1 1
globe-expedition-journal/internal/models/user.go:43.40,45.2 1 0
globe-expedition-journal/internal/models/visit.go:25.33,27.2 1 1
globe-expedition-journal/internal/models/visit.go:30.49,31.26 1 1
globe-expedition-journal/internal/models/visit.go:31.26,33.3 1 1
globe-expedition-journal/internal/models/visit.go:34.2,34.26 1 1
globe-expedition-journal/internal/models/visit.go:34.26,36.3 1 0
globe-expedition-journal/internal/models/visit.go:37.2,37.12 1 1
globe-expedition-journal/cmd/server/main.go:19.13,24.39 2 0
globe-expedition-journal/cmd/server/main.go:24.39,26.3 1 0
globe-expedition-journal/cmd/server/main.go:29.2,30.16 2 0
globe-expedition-journal/cmd/server/main.go:30.16,32.3 1 0
globe-expedition-journal/cmd/server/main.go:33.2,36.64 2 0
globe-expedition-journal/cmd/server/main.go:36.64,38.3 1 0
globe-expedition-journal/cmd/server/main.go:41.2,51.12 4 0
globe-expedition-journal/cmd/server/main.go:51.12,53.77 2 0
globe-expedition-journal/cmd/server/main.go:53.77,55.4 1 0
globe-expedition-journal/cmd/server/main.go:59.2,69.42 7 0
globe-expedition-journal/cmd/server/main.go:69.42,71.3 1 0
globe-expedition-journal/cmd/server/main.go:73.2,73.30 1 0
